<?xml version="1.0" encoding="UTF-8"?>
<!-- Generated by org.testng.reporters.JUnitReportReporter -->
<testsuite hostname="STL-LT-102" failures="0" tests="2" name="cucumber.TestngTestRunner" time="10.085" errors="0" timestamp="2025-04-03T16:05:33 IST" skipped="0">
  <testcase classname="cucumber.TestngTestRunner" name="runScenario" time="3.289"/>
  <system-out/>
  <testcase classname="cucumber.TestngTestRunner" name="runScenario" time="6.796"/>
  <system-out/>
</testsuite> <!-- cucumber.TestngTestRunner -->
