<?xml version="1.0" encoding="UTF-8"?>
<!-- Generated by org.testng.reporters.JUnitReportReporter -->
<testsuite hostname="STL-LT-102" failures="0" tests="3" name="rahulshettyacademy.tests.StandAloneNewTest" time="41.369" errors="0" timestamp="2025-04-02T17:43:59 IST" skipped="0">
  <testcase classname="rahulshettyacademy.tests.StandAloneNewTest" name="OrderHistoryTest" time="3.246"/>
  <system-out/>
  <testcase classname="rahulshettyacademy.tests.StandAloneNewTest" name="SubmitOrder" time="7.373"/>
  <system-out/>
  <testcase classname="rahulshettyacademy.tests.StandAloneNewTest" name="SubmitOrder" time="30.750"/>
  <system-out/>
</testsuite> <!-- rahulshettyacademy.tests.StandAloneNewTest -->
