<?xml version="1.0" encoding="UTF-8"?>
<!-- Generated by org.testng.reporters.JUnitReportReporter -->
<testsuite hostname="STL-LT-102" failures="0" tests="3" name="rahulshettyacademy.tests.StandAloneNewTest" time="45.089" errors="0" timestamp="2025-03-27T12:52:58 IST" skipped="0">
  <testcase classname="rahulshettyacademy.tests.StandAloneNewTest" name="SubmitOrder" time="33.099"/>
  <testcase classname="rahulshettyacademy.tests.StandAloneNewTest" name="SubmitOrder" time="8.100"/>
  <testcase classname="rahulshettyacademy.tests.StandAloneNewTest" name="OrderHistoryTest" time="3.890"/>
</testsuite> <!-- rahulshettyacademy.tests.StandAloneNewTest -->
