<?xml version="1.0" encoding="UTF-8"?>
<!-- Generated by org.testng.reporters.JUnitReportReporter -->
<testsuite hostname="STL-LT-102" failures="0" tests="1" name="rahulshettyacademy.tests.ErrorValidation" time="29.407" errors="0" timestamp="2025-03-27T12:52:58 IST" skipped="0">
  <testcase classname="rahulshettyacademy.tests.ErrorValidation" name="SubmitOrderError" time="29.407"/>
</testsuite> <!-- rahulshettyacademy.tests.ErrorValidation -->
